0 info it worked if it ends with ok
1 verbose cli [ '/usr/local/bin/node',
1 verbose cli   '/usr/local/lib/node_modules/npm/bin/npm-cli.js',
1 verbose cli   'run',
1 verbose cli   'development',
1 verbose cli   '--scripts-prepend-node-path=auto' ]
2 info using npm@3.10.8
3 info using node@v7.0.0
4 verbose run-script [ 'predevelopment', 'development', 'postdevelopment' ]
5 info lifecycle maintain@~predevelopment: maintain@
6 silly lifecycle maintain@~predevelopment: no script for predevelopment, continuing
7 info lifecycle maintain@~development: maintain@
8 verbose lifecycle maintain@~development: unsafe-perm in lifecycle true
9 verbose lifecycle maintain@~development: PATH: /usr/local/lib/node_modules/npm/bin/node-gyp-bin:/Users/joeprisk/repos/maintain/maintain/node_modules/.bin:/usr/local/bin:/usr/bin:/bin:/usr/sbin:/sbin:/usr/local/bin:/usr/local/go/bin
10 verbose lifecycle maintain@~development: CWD: /Users/joeprisk/repos/maintain/maintain
11 silly lifecycle maintain@~development: Args: [ '-c', 'gulp development' ]
12 silly lifecycle maintain@~development: Returned: code: 1  signal: null
13 info lifecycle maintain@~development: Failed to exec development script
14 verbose stack Error: maintain@ development: `gulp development`
14 verbose stack Exit status 1
14 verbose stack     at EventEmitter.<anonymous> (/usr/local/lib/node_modules/npm/lib/utils/lifecycle.js:255:16)
14 verbose stack     at emitTwo (events.js:106:13)
14 verbose stack     at EventEmitter.emit (events.js:191:7)
14 verbose stack     at ChildProcess.<anonymous> (/usr/local/lib/node_modules/npm/lib/utils/spawn.js:40:14)
14 verbose stack     at emitTwo (events.js:106:13)
14 verbose stack     at ChildProcess.emit (events.js:191:7)
14 verbose stack     at maybeClose (internal/child_process.js:877:16)
14 verbose stack     at Process.ChildProcess._handle.onexit (internal/child_process.js:226:5)
15 verbose pkgid maintain@
16 verbose cwd /Users/joeprisk/repos/maintain/maintain
17 error Darwin 17.4.0
18 error argv "/usr/local/bin/node" "/usr/local/lib/node_modules/npm/bin/npm-cli.js" "run" "development" "--scripts-prepend-node-path=auto"
19 error node v7.0.0
20 error npm  v3.10.8
21 error code ELIFECYCLE
22 error maintain@ development: `gulp development`
22 error Exit status 1
23 error Failed at the maintain@ development script 'gulp development'.
23 error Make sure you have the latest version of node.js and npm installed.
23 error If you do, this is most likely a problem with the maintain package,
23 error not with npm itself.
23 error Tell the author that this fails on your system:
23 error     gulp development
23 error You can get information on how to open an issue for this project with:
23 error     npm bugs maintain
23 error Or if that isn't available, you can get their info via:
23 error     npm owner ls maintain
23 error There is likely additional logging output above.
24 verbose exit [ 1, true ]
